23:51:34.649 [debug] Child {XPLoggerFileBackend, :general_log} of Supervisor Logger.Backends.Supervisor started
Pid: #PID<0.102.0>
Start Call: Logger.Backends.Watcher.start_link({{XPLoggerFileBackend, :general_log}, {XPLoggerFileBackend, :general_log}})
Restart: :transient
Shutdown: 5000
Type: :worker
23:51:34.649 [info] Child Logger.Backends.Supervisor of Supervisor Logger.Backends.Internal started
Pid: #PID<0.101.0>
Start Call: Logger.Backends.Supervisor.start_link([{XPLoggerFileBackend, :general_log}])
Restart: :permanent
Shutdown: :infinity
Type: :supervisor
23:51:34.649 [info] Child Logger.Backends.Internal of Supervisor Logger.Supervisor started
Pid: #PID<0.97.0>
Start Call: Logger.Backends.Internal.start_link([])
Restart: :permanent
Shutdown: :infinity
Type: :supervisor
23:51:34.649 [info] Application logger started at :nonode@nohost
23:51:34.649 [info] Application xp_mime started at :nonode@nohost
23:51:34.649 [info] Application xp_hpax started at :nonode@nohost
23:51:34.649 [info] Application crypto started at :nonode@nohost
23:51:34.649 [info] Application asn1 started at :nonode@nohost
23:51:34.649 [info] Application public_key started at :nonode@nohost
23:51:34.651 [debug] Child :ssl_handler of Supervisor :logger_sup started
Pid: #PID<0.107.0>
Start Call: :logger_olp.start_link(:logger_std_h_ssl_handler, :logger_h_common, %{id: :ssl_handler, module: :logger_std_h, config: %{type: :standard_io, filesync_repeat_interval: :no_repeat}, level: :debug, filter_default: :stop, filters: [], formatter: {:ssl_logger, %{}}}, %{})
Restart: :temporary
Shutdown: 2000
Type: :worker
23:51:34.654 [info] Child :ssl_pem_cache of Supervisor :ssl_admin_sup started
Pid: #PID<0.111.0>
Start Call: :ssl_pem_cache.start_link([])
Restart: :permanent
Shutdown: 4000
Type: :worker
23:51:34.656 [info] Child :ssl_manager of Supervisor :ssl_admin_sup started
Pid: #PID<0.112.0>
Start Call: :ssl_manager.start_link([])
Restart: :permanent
Shutdown: 4000
Type: :worker
23:51:34.657 [info] Child :tls_client_ticket_store of Supervisor :ssl_admin_sup started
Pid: #PID<0.113.0>
Start Call: :tls_client_ticket_store.start_link(1000, 7200)
Restart: :permanent
Shutdown: 4000
Type: :worker
23:51:34.658 [info] Child :ssl_admin_sup of Supervisor :ssl_sup started
Pid: #PID<0.110.0>
Start Call: :ssl_admin_sup.start_link()
Restart: :permanent
Shutdown: 4000
Type: :supervisor
23:51:34.660 [info] Child :tls_connection_sup of Supervisor :tls_sup started
Pid: #PID<0.116.0>
Start Call: :tls_connection_sup.start_link()
Restart: :permanent
Shutdown: 4000
Type: :supervisor
23:51:34.661 [info] Child :ssl_listen_tracker_sup of Supervisor :tls_server_sup started
Pid: #PID<0.118.0>
Start Call: :ssl_listen_tracker_sup.start_link()
Restart: :permanent
Shutdown: 4000
Type: :supervisor
23:51:34.661 [info] Child :tls_server_session_ticket of Supervisor :tls_server_sup started
Pid: #PID<0.119.0>
Start Call: :tls_server_session_ticket_sup.start_link()
Restart: :permanent
Shutdown: 4000
Type: :supervisor
23:51:34.661 [info] Child :ssl_server_session_cache_sup of Supervisor :tls_server_sup started
Pid: #PID<0.120.0>
Start Call: :ssl_server_session_cache_sup.start_link()
Restart: :permanent
Shutdown: 4000
Type: :supervisor
23:51:34.662 [info] Child :ssl_upgrade_server_session_cache_sup of Supervisor :tls_server_sup started
Pid: #PID<0.121.0>
Start Call: :ssl_upgrade_server_session_cache_sup.start_link()
Restart: :permanent
Shutdown: 4000
Type: :supervisor
23:51:34.662 [info] Child :tls_server_sup of Supervisor :tls_sup started
Pid: #PID<0.117.0>
Start Call: :tls_server_sup.start_link()
Restart: :permanent
Shutdown: 4000
Type: :supervisor
23:51:34.662 [info] Child :tls_sup of Supervisor :ssl_connection_sup started
Pid: #PID<0.115.0>
Start Call: :tls_sup.start_link()
Restart: :permanent
Shutdown: 4000
Type: :supervisor
23:51:34.663 [info] Child :dtls_connection_sup of Supervisor :dtls_sup started
Pid: #PID<0.123.0>
Start Call: :dtls_connection_sup.start_link()
Restart: :permanent
Shutdown: 4000
Type: :supervisor
23:51:34.664 [info] Child :dtls_listener_sup of Supervisor :dtls_server_sup started
Pid: #PID<0.125.0>
Start Call: :dtls_listener_sup.start_link()
Restart: :permanent
Shutdown: 4000
Type: :supervisor
23:51:34.664 [info] Child :dtls_server_session_cache_sup of Supervisor :dtls_server_sup started
Pid: #PID<0.126.0>
Start Call: :dtls_server_session_cache_sup.start_link()
Restart: :permanent
Shutdown: 4000
Type: :supervisor
23:51:34.664 [info] Child :dtls_server_sup of Supervisor :dtls_sup started
Pid: #PID<0.124.0>
Start Call: :dtls_server_sup.start_link()
Restart: :permanent
Shutdown: 4000
Type: :supervisor
23:51:34.664 [info] Child :dtls_sup of Supervisor :ssl_connection_sup started
Pid: #PID<0.122.0>
Start Call: :dtls_sup.start_link()
Restart: :permanent
Shutdown: 4000
Type: :supervisor
23:51:34.664 [info] Child :ssl_connection_sup of Supervisor :ssl_sup started
Pid: #PID<0.114.0>
Start Call: :ssl_connection_sup.start_link()
Restart: :permanent
Shutdown: 4000
Type: :supervisor
23:51:34.664 [info] Application ssl started at :nonode@nohost
23:51:34.665 [info] Application xp_mint started at :nonode@nohost
23:51:34.665 [info] Application xp_nimble_options started at :nonode@nohost
23:51:34.667 [info] Child XPNimblePool.TaskSupervisor of Supervisor #PID<0.132.0> (Supervisor.Default) started
Pid: #PID<0.133.0>
Start Call: Task.Supervisor.start_link([name: XPNimblePool.TaskSupervisor])
Restart: :permanent
Shutdown: :infinity
Type: :supervisor
23:51:34.667 [info] Application xp_nimble_pool started at :nonode@nohost
23:51:34.669 [info] Child :telemetry_handler_table of Supervisor :telemetry_sup started
Pid: #PID<0.137.0>
Start Call: :telemetry_handler_table.start_link()
Restart: :permanent
Shutdown: 5000
Type: :worker
23:51:34.669 [info] Application xp_telemetry started at :nonode@nohost
23:51:34.669 [info] Application xp_finch started at :nonode@nohost
23:51:34.684 [info] Child XPReq.Finch.PIDPartition0 of Supervisor XPReq.Finch started
Pid: #PID<0.143.0>
Start Call: Registry.Partition.start_link(XPReq.Finch.PIDPartition0, {:duplicate, XPReq.Finch, 0, 1, XPReq.Finch.KeyPartition0, XPReq.Finch.PIDPartition0, [], false})
Restart: :permanent
Shutdown: 5000
Type: :worker
23:51:34.684 [info] Child XPReq.Finch of Supervisor XPReq.Finch.Supervisor started
Pid: #PID<0.142.0>
Start Call: Registry.start_link([keys: :duplicate, name: XPReq.Finch, meta: [config: %{pools: %{}, registry_name: XPReq.Finch, supervisor_name: XPReq.Finch.PoolSupervisor, manager_name: XPReq.Finch.PoolManager, default_pool_config: %{count: 1, size: 50, mod: XPFinch.HTTP1.Pool, conn_opts: [protocols: [:http1], transport_opts: [keepalive: true, nodelay: true, timeout: 5000], ssl_key_log_file_device: nil], pool_max_idle_time: :infinity, conn_max_idle_time: :infinity, start_pool_metrics?: false}}]])
Restart: :permanent
Shutdown: :infinity
Type: :supervisor
23:51:34.684 [info] Child XPReq.Finch.PoolSupervisor of Supervisor XPReq.Finch.Supervisor started
Pid: #PID<0.144.0>
Start Call: DynamicSupervisor.start_link([name: XPReq.Finch.PoolSupervisor, strategy: :one_for_one])
Restart: :permanent
Shutdown: :infinity
Type: :supervisor
23:51:34.684 [info] Child XPFinch.PoolManager of Supervisor XPReq.Finch.Supervisor started
Pid: #PID<0.145.0>
Start Call: XPFinch.PoolManager.start_link(%{pools: %{}, registry_name: XPReq.Finch, supervisor_name: XPReq.Finch.PoolSupervisor, manager_name: XPReq.Finch.PoolManager, default_pool_config: %{count: 1, size: 50, mod: XPFinch.HTTP1.Pool, conn_opts: [protocols: [:http1], transport_opts: [keepalive: true, nodelay: true, timeout: 5000], ssl_key_log_file_device: nil], pool_max_idle_time: :infinity, conn_max_idle_time: :infinity, start_pool_metrics?: false}})
Restart: :permanent
Shutdown: 5000
Type: :worker
23:51:34.684 [info] Child XPReq.Finch of Supervisor #PID<0.140.0> (Supervisor.Default) started
Pid: #PID<0.141.0>
Start Call: XPFinch.start_link([name: XPReq.Finch, pools: %{default: [protocols: [:http1]]}])
Restart: :permanent
Shutdown: 5000
Type: :worker
23:51:34.684 [info] Child XPReq.FinchSupervisor of Supervisor #PID<0.140.0> (Supervisor.Default) started
Pid: #PID<0.146.0>
Start Call: DynamicSupervisor.start_link([strategy: :one_for_one, name: XPReq.FinchSupervisor])
Restart: :permanent
Shutdown: :infinity
Type: :supervisor
23:51:34.684 [info] Child XPReq.Test.Ownership of Supervisor #PID<0.140.0> (Supervisor.Default) started
Pid: #PID<0.147.0>
Start Call: XPReq.Test.Ownership.start_link([name: XPReq.Test.Ownership])
Restart: :permanent
Shutdown: 5000
Type: :worker
23:51:34.684 [info] Application xp_req started at :nonode@nohost
23:51:34.684 [info] Application burrito started at :nonode@nohost
23:51:34.684 [info] Application erts started at :nonode@nohost
23:51:34.684 [info] Application xp_schematic started at :nonode@nohost
23:51:34.684 [info] Application xp_typed_struct started at :nonode@nohost
23:51:34.684 [info] Application xp_gen_lsp started at :nonode@nohost
23:51:34.690 [info] Child XPSnowflake.Generator of Supervisor #PID<0.150.0> (Supervisor.Default) started
Pid: #PID<0.151.0>
Start Call: XPSnowflake.Generator.start_link(0, 1023)
Restart: :permanent
Shutdown: 5000
Type: :worker
23:51:34.690 [info] Application xp_snowflake started at :nonode@nohost
23:51:34.690 [info] Application xp_sourceror started at :nonode@nohost
23:51:34.690 [info] Application xp_forge started at :nonode@nohost
23:51:34.690 [info] Application xp_logger_file_backend started at :nonode@nohost
23:51:34.693 [info] Child :ttb_autostart of Supervisor :runtime_tools_sup started
Pid: #PID<0.155.0>
Start Call: :ttb_autostart.start_link()
Restart: :temporary
Shutdown: 3000
Type: :worker
23:51:34.693 [info] Application runtime_tools started at :nonode@nohost
23:51:34.693 [info] Application et started at :nonode@nohost
23:51:34.693 [info] Application observer started at :nonode@nohost
23:51:34.693 [info] Application xp_path_glob started at :nonode@nohost
23:51:34.699 [info] Child XPForge.Document.Store of Supervisor XPExpert.Supervisor started
Pid: #PID<0.159.0>
Start Call: XPForge.Document.Store.start_link([derive: [analysis: &XPForge.Ast.analyze/1]])
Restart: :permanent
Shutdown: 5000
Type: :worker
23:51:34.700 [info] Child XPExpert.ProjectSupervisor of Supervisor XPExpert.Supervisor started
Pid: #PID<0.160.0>
Start Call: DynamicSupervisor.start_link([name: XPExpert.ProjectSupervisor, strategy: :one_for_one])
Restart: :permanent
Shutdown: :infinity
Type: :supervisor
23:51:34.700 [info] Child XPExpert.DynamicSupervisor of Supervisor XPExpert.Supervisor started
Pid: #PID<0.161.0>
Start Call: DynamicSupervisor.start_link([name: XPExpert.DynamicSupervisor])
Restart: :permanent
Shutdown: :infinity
Type: :supervisor
23:51:34.701 [info] Child XPGenLSP.Assigns of Supervisor XPExpert.Supervisor started
Pid: #PID<0.162.0>
Start Call: XPGenLSP.Assigns.start_link([name: XPExpert.Assigns])
Restart: :permanent
Shutdown: 5000
Type: :worker
23:51:34.701 [info] Child :expert_task_queue of Supervisor XPExpert.Supervisor started
Pid: #PID<0.163.0>
Start Call: Task.Supervisor.start_link([name: :expert_task_queue])
Restart: :permanent
Shutdown: :infinity
Type: :supervisor
23:51:34.702 [info] Child XPGenLSP.Buffer of Supervisor XPExpert.Supervisor started
Pid: #PID<0.164.0>
Start Call: XPGenLSP.Buffer.start_link([name: XPExpert.Buffer])
Restart: :permanent
Shutdown: 5000
Type: :worker
23:51:34.702 [debug] [name: XPExpert, buffer: XPExpert.Buffer, task_supervisor: :expert_task_queue, dynamic_supervisor: XPExpert.DynamicSupervisor, assigns: XPExpert.Assigns]
23:51:34.705 [info] Child XPExpert of Supervisor XPExpert.Supervisor started
Pid: #PID<0.165.0>
Start Call: XPExpert.start_link([name: XPExpert, buffer: XPExpert.Buffer, task_supervisor: :expert_task_queue, dynamic_supervisor: XPExpert.DynamicSupervisor, assigns: XPExpert.Assigns])
Restart: :permanent
Shutdown: 500
Type: :worker
23:51:34.705 [info] Application xp_expert started at :nonode@nohost
23:51:34.769 [info] Starting project at uri file:///Users/kaisersakhi/icode/elixir/wiretap
23:51:34.780 [info] Child {XPExpert.Project.Progress, "wiretap"} of Supervisor :"wiretap::supervisor" started
Pid: #PID<0.170.0>
Start Call: XPExpert.Project.Progress.start_link(%XPForge.Project{root_uri: "file:///Users/kaisersakhi/icode/elixir/wiretap", mix_exs_uri: "file:///Users/kaisersakhi/icode/elixir/wiretap/mix.exs", mix_project?: true, mix_env: nil, mix_target: nil, env_variables: %{}, project_module: nil, entropy: 56804})
Restart: :permanent
Shutdown: 5000
Type: :worker
23:51:34.781 [info] Child {XPExpert.EngineSupervisor, "wiretap"} of Supervisor :"wiretap::supervisor" started
Pid: #PID<0.171.0>
Start Call: XPExpert.EngineSupervisor.start_link(%XPForge.Project{root_uri: "file:///Users/kaisersakhi/icode/elixir/wiretap", mix_exs_uri: "file:///Users/kaisersakhi/icode/elixir/wiretap/mix.exs", mix_project?: true, mix_env: nil, mix_target: nil, env_variables: %{}, project_module: nil, entropy: 56804})
Restart: :permanent
Shutdown: 5000
Type: :worker
23:51:34.784 [debug] sent request server -> client window/workDoneProgress/create
23:51:34.787 [info] Child XPExpert.EPMD of Supervisor :net_sup started
Pid: #PID<0.174.0>
Start Call: XPExpert.EPMD.start_link()
Restart: :permanent
Shutdown: 2000
Type: :worker
23:51:34.788 [info] Child :auth of Supervisor :net_sup started
Pid: #PID<0.175.0>
Start Call: :auth.start_link()
Restart: :permanent
Shutdown: 2000
Type: :worker
23:51:34.794 [debug] sent notification server -> client $/progress
23:51:34.886 [info] Child :net_kernel of Supervisor :net_sup started
Pid: #PID<0.176.0>
Start Call: :net_kernel.start_link(%{name: :"manager-wiretap-56804@127.0.0.1", supervisor: :net_sup_dynamic, name_domain: :longnames, clean_halt: false})
Restart: :permanent
Shutdown: 2000
Type: :worker
23:51:34.886 [debug] Child :net_sup_dynamic of Supervisor :kernel_sup started
Pid: #PID<0.173.0>
Start Call: :erl_distribution.start_link(%{name: :"manager-wiretap-56804@127.0.0.1", supervisor: :net_sup_dynamic, name_domain: :longnames, clean_halt: false})
Restart: :permanent
Shutdown: 1000
Type: :supervisor
23:51:34.919 [debug] handled request client -> server initialize in 207ms
23:51:34.921 [debug] sent request server -> client client/registerCapability
23:51:34.928 [debug] handled notification client -> server workspace/didChangeConfiguration in 4ms
23:51:34.929 [info] ################### opened file:///Users/kaisersakhi/icode/elixir/wiretap/lib/wiretap.ex
23:51:34.929 [debug] handled notification client -> server textDocument/didOpen in 6ms
23:51:34.930 [debug] handled notification client -> server initialized in 10ms
23:51:35.105 [debug] sent notification server -> client window/logMessage
23:51:35.107 [debug] sent notification server -> client window/logMessage
23:51:35.107 [debug] sent request server -> client window/workDoneProgress/create
23:51:35.108 [debug] sent notification server -> client $/progress
23:51:35.201 [debug] sent notification server -> client window/logMessage
23:51:35.201 [debug] handled request client -> server textDocument/codeAction in 9ms
23:51:35.226 [debug] sent notification server -> client window/logMessage
23:51:35.226 [debug] handled request client -> server textDocument/codeLens in 2ms
23:51:35.561 [debug] handled notification client -> server $/cancelRequest in 2ms
23:51:35.827 [debug] sent notification server -> client window/logMessage
23:51:35.827 [debug] handled request client -> server textDocument/codeAction in 269µs
23:51:35.827 [debug] handled notification client -> server $/cancelRequest in 67µs
23:51:35.859 [debug] sent notification server -> client window/logMessage
23:51:35.859 [debug] handled request client -> server textDocument/codeLens in 147µs
23:52:02.612 [debug] handled notification client -> server $/cancelRequest in 92µs
23:52:02.941 [debug] sent notification server -> client window/logMessage
23:52:02.942 [debug] handled request client -> server textDocument/codeAction in 353µs
23:52:02.942 [debug] handled notification client -> server $/cancelRequest in 161µs
23:52:02.973 [debug] sent notification server -> client window/logMessage
23:52:02.973 [debug] handled request client -> server textDocument/codeLens in 282µs
23:52:32.327 [debug] handled notification client -> server $/cancelRequest in 367µs
23:52:32.681 [debug] handled notification client -> server $/cancelRequest in 113µs
23:52:32.681 [debug] sent notification server -> client window/logMessage
23:52:32.681 [debug] handled request client -> server textDocument/codeAction in 820µs
23:52:32.711 [debug] sent notification server -> client window/logMessage
23:52:32.711 [debug] handled request client -> server textDocument/codeLens in 282µs
23:52:48.552 [debug] handled notification client -> server $/cancelRequest in 124µs
23:52:48.885 [debug] sent notification server -> client window/logMessage
23:52:48.885 [debug] handled notification client -> server $/cancelRequest in 158µs
23:52:48.885 [debug] handled request client -> server textDocument/codeAction in 591µs
23:52:48.918 [debug] sent notification server -> client window/logMessage
23:52:48.918 [debug] handled request client -> server textDocument/codeLens in 493µs
23:53:03.523 [debug] handled notification client -> server $/cancelRequest in 97µs
23:53:03.782 [debug] handled notification client -> server $/cancelRequest in 222µs
23:53:03.782 [debug] sent notification server -> client window/logMessage
23:53:03.782 [debug] handled request client -> server textDocument/codeAction in 784µs
23:53:03.812 [debug] sent notification server -> client window/logMessage
23:53:03.812 [debug] handled request client -> server textDocument/codeLens in 306µs
